14:37:26.955 [INFO] [org.gradle.launcher.daemon.server.Daemon] start() called on daemon - DefaultDaemonContext[uid=09a23d48-35cc-4185-9360-fc6dc6f21a5f,javaHome=/Library/Java/JavaVirtualMachines/jdk1.8.0_25.jdk/Contents/Home,daemonRegistryDir=/Users/NathanRoss/AndroidStudioProjects/Binge3/daemon,pid=3728,idleTimeout=10800000,daemonOpts=-XX:MaxPermSize=256m,-XX:+HeapDumpOnOutOfMemoryError,-Xmx1024m,-Dfile.encoding=UTF-8,-Duser.country=US,-Duser.language=en,-Duser.variant]
14:37:26.965 [DEBUG] [org.gradle.launcher.daemon.server.DaemonStateCoordinator] updating lastActivityAt to 1461526646965
14:37:26.993 [DEBUG] [org.gradle.messaging.remote.internal.inet.InetAddressFactory] Adding IP addresses for network interface en1
14:37:26.993 [DEBUG] [org.gradle.messaging.remote.internal.inet.InetAddressFactory] Is this a loopback interface? false
14:37:26.994 [DEBUG] [org.gradle.messaging.remote.internal.inet.InetAddressFactory] Is this a multicast interface? true
14:37:26.995 [DEBUG] [org.gradle.messaging.remote.internal.inet.InetAddressFactory] Adding remote address /fe80:0:0:0:e6ce:8fff:fe1c:4870%en1
14:37:26.996 [DEBUG] [org.gradle.messaging.remote.internal.inet.InetAddressFactory] Adding remote address /10.72.8.160
14:37:26.997 [DEBUG] [org.gradle.messaging.remote.internal.inet.InetAddressFactory] Adding remote multicast interface en1
14:37:26.998 [DEBUG] [org.gradle.messaging.remote.internal.inet.InetAddressFactory] Adding IP addresses for network interface lo0
14:37:26.998 [DEBUG] [org.gradle.messaging.remote.internal.inet.InetAddressFactory] Is this a loopback interface? true
14:37:26.999 [DEBUG] [org.gradle.messaging.remote.internal.inet.InetAddressFactory] Is this a multicast interface? true
14:37:26.999 [DEBUG] [org.gradle.messaging.remote.internal.inet.InetAddressFactory] Ignoring remote address on loopback interface /fe80:0:0:0:0:0:0:1%lo0
14:37:27.000 [DEBUG] [org.gradle.messaging.remote.internal.inet.InetAddressFactory] Adding loopback address /0:0:0:0:0:0:0:1
14:37:27.000 [DEBUG] [org.gradle.messaging.remote.internal.inet.InetAddressFactory] Adding loopback address /127.0.0.1
14:37:27.001 [DEBUG] [org.gradle.messaging.remote.internal.inet.InetAddressFactory] Adding loopback multicast interface lo0
14:37:27.025 [DEBUG] [org.gradle.messaging.remote.internal.inet.TcpIncomingConnector] Listening on [f1e1bdac-8613-447f-9848-c9411d42a47c port:60955, addresses:[/0:0:0:0:0:0:0:1, /127.0.0.1]].
14:37:27.029 [DEBUG] [org.gradle.launcher.daemon.server.Daemon] Daemon starting at: Sun Apr 24 14:37:27 CDT 2016, with address: [f1e1bdac-8613-447f-9848-c9411d42a47c port:60955, addresses:[/0:0:0:0:0:0:0:1, /127.0.0.1]]
14:37:27.030 [INFO] [org.gradle.launcher.daemon.server.DomainRegistryUpdater] Advertising the daemon address to the clients: [f1e1bdac-8613-447f-9848-c9411d42a47c port:60955, addresses:[/0:0:0:0:0:0:0:1, /127.0.0.1]]
14:37:27.030 [DEBUG] [org.gradle.launcher.daemon.server.DomainRegistryUpdater] Advertised daemon context: DefaultDaemonContext[uid=09a23d48-35cc-4185-9360-fc6dc6f21a5f,javaHome=/Library/Java/JavaVirtualMachines/jdk1.8.0_25.jdk/Contents/Home,daemonRegistryDir=/Users/NathanRoss/AndroidStudioProjects/Binge3/daemon,pid=3728,idleTimeout=10800000,daemonOpts=-XX:MaxPermSize=256m,-XX:+HeapDumpOnOutOfMemoryError,-Xmx1024m,-Dfile.encoding=UTF-8,-Duser.country=US,-Duser.language=en,-Duser.variant]
14:37:27.031 [DEBUG] [org.gradle.launcher.daemon.registry.PersistentDaemonRegistry] Storing daemon address: [f1e1bdac-8613-447f-9848-c9411d42a47c port:60955, addresses:[/0:0:0:0:0:0:0:1, /127.0.0.1]], context: DefaultDaemonContext[uid=09a23d48-35cc-4185-9360-fc6dc6f21a5f,javaHome=/Library/Java/JavaVirtualMachines/jdk1.8.0_25.jdk/Contents/Home,daemonRegistryDir=/Users/NathanRoss/AndroidStudioProjects/Binge3/daemon,pid=3728,idleTimeout=10800000,daemonOpts=-XX:MaxPermSize=256m,-XX:+HeapDumpOnOutOfMemoryError,-Xmx1024m,-Dfile.encoding=UTF-8,-Duser.country=US,-Duser.language=en,-Duser.variant]
14:37:27.044 [DEBUG] [org.gradle.cache.internal.DefaultFileLockManager] Waiting to acquire exclusive lock on daemon addresses registry.
14:37:27.046 [DEBUG] [org.gradle.cache.internal.DefaultFileLockManager] Lock acquired.
14:37:27.049 [DEBUG] [org.gradle.cache.internal.DefaultFileLockManager] Releasing lock on daemon addresses registry.
14:37:27.052 [DEBUG] [org.gradle.cache.internal.DefaultFileLockManager] Waiting to acquire exclusive lock on daemon addresses registry.
14:37:27.054 [DEBUG] [org.gradle.cache.internal.DefaultFileLockManager] Lock acquired.
14:37:27.089 [DEBUG] [org.gradle.cache.internal.DefaultFileLockManager] Releasing lock on daemon addresses registry.
14:37:27.090 [LIFECYCLE] [org.gradle.launcher.daemon.server.Daemon] Daemon server started.
14:37:27.094 [DEBUG] [org.gradle.launcher.daemon.bootstrap.DaemonStartupCommunication] Completed writing the daemon greeting. Closing streams...
14:37:27.095 [DEBUG] [org.gradle.launcher.daemon.server.Daemon] requestStopOnIdleTimeout(10800000 MILLISECONDS) called on daemon
14:37:27.095 [DEBUG] [org.gradle.launcher.daemon.server.DaemonStateCoordinator] Idle timeout: waiting for daemon to stop or be idle for 10800000ms
14:37:27.099 [DEBUG] [org.gradle.messaging.remote.internal.inet.TcpIncomingConnector] Accepted connection from /127.0.0.1:60956 to /127.0.0.1:60955.
14:37:27.099 [DEBUG] [org.gradle.launcher.daemon.server.DaemonStateCoordinator] Daemon is idle, sleeping until state change or idle timeout at Sun Apr 24 17:37:26 CDT 2016
14:37:27.215 [DEBUG] [org.gradle.launcher.daemon.server.SynchronizedDispatchConnection] thread 14: received class org.gradle.launcher.daemon.protocol.Build
14:37:27.216 [DEBUG] [org.gradle.launcher.daemon.server.DefaultDaemonConnection] Received non-IO message from client: Build{id=9ba6d5b0-ef01-4c03-bf87-54ee9b2c7e3b.1, currentDir=/Users/NathanRoss/AndroidStudioProjects/Binge3}
14:37:27.217 [INFO] [org.gradle.launcher.daemon.server.DefaultIncomingConnectionHandler] Received command: Build{id=9ba6d5b0-ef01-4c03-bf87-54ee9b2c7e3b.1, currentDir=/Users/NathanRoss/AndroidStudioProjects/Binge3}.
14:37:27.217 [DEBUG] [org.gradle.launcher.daemon.server.DefaultIncomingConnectionHandler] Starting executing command: Build{id=9ba6d5b0-ef01-4c03-bf87-54ee9b2c7e3b.1, currentDir=/Users/NathanRoss/AndroidStudioProjects/Binge3} with connection: socket connection from /127.0.0.1:60955 to /127.0.0.1:60956.
14:37:27.234 [DEBUG] [org.gradle.launcher.daemon.server.DaemonStateCoordinator] Command execution: started DaemonCommandExecution[command = Build{id=9ba6d5b0-ef01-4c03-bf87-54ee9b2c7e3b.1, currentDir=/Users/NathanRoss/AndroidStudioProjects/Binge3}, connection = org.gradle.launcher.daemon.server.DefaultDaemonConnection@73f3cfbb] after 0.0 minutes of idle
14:37:27.235 [INFO] [org.gradle.launcher.daemon.server.DomainRegistryUpdater] Marking the daemon as busy, address: [f1e1bdac-8613-447f-9848-c9411d42a47c port:60955, addresses:[/0:0:0:0:0:0:0:1, /127.0.0.1]]
14:37:27.235 [DEBUG] [org.gradle.launcher.daemon.registry.PersistentDaemonRegistry] Marking busy by address: [f1e1bdac-8613-447f-9848-c9411d42a47c port:60955, addresses:[/0:0:0:0:0:0:0:1, /127.0.0.1]]
14:37:27.236 [DEBUG] [org.gradle.cache.internal.DefaultFileLockManager] Waiting to acquire exclusive lock on daemon addresses registry.
14:37:27.237 [DEBUG] [org.gradle.cache.internal.DefaultFileLockManager] Lock acquired.
14:37:27.253 [DEBUG] [org.gradle.cache.internal.DefaultFileLockManager] Releasing lock on daemon addresses registry.
14:37:27.254 [DEBUG] [org.gradle.launcher.daemon.server.DaemonStateCoordinator] updating lastActivityAt to 1461526647254
14:37:27.256 [DEBUG] [org.gradle.launcher.daemon.server.DaemonStateCoordinator] Daemon is busy, sleeping until state changes.
14:37:27.260 [INFO] [org.gradle.launcher.daemon.server.exec.StartBuildOrRespondWithBusy] Daemon is about to start building Build{id=9ba6d5b0-ef01-4c03-bf87-54ee9b2c7e3b.1, currentDir=/Users/NathanRoss/AndroidStudioProjects/Binge3}. Dispatching build started information...
14:37:27.261 [DEBUG] [org.gradle.launcher.daemon.server.SynchronizedDispatchConnection] thread 16: dispatching class org.gradle.launcher.daemon.protocol.BuildStarted
14:37:27.267 [DEBUG] [org.gradle.launcher.daemon.server.exec.EstablishBuildEnvironment] Configuring env variables: {PATH=/usr/bin:/bin:/usr/sbin:/sbin, SHELL=/bin/bash, USER=NathanRoss, TMPDIR=/var/folders/99/5vnr88z10s96pcv5p6q56yr80000gp/T/, SSH_AUTH_SOCK=/private/tmp/com.apple.launchd.38bJOLv8EP/Listeners, DISPLAY=/private/tmp/com.apple.launchd.JqKdlC4AFd/org.macosforge.xquartz:0, XPC_FLAGS=0x0, __CF_USER_TEXT_ENCODING=0x1F6:0x0:0x0, Apple_PubSub_Socket_Render=/private/tmp/com.apple.launchd.FaijAoQwJF/Render, LOGNAME=NathanRoss, XPC_SERVICE_NAME=com.google.android.studio.137772, HOME=/Users/NathanRoss}
14:37:27.268 [DEBUG] [org.gradle.launcher.daemon.server.SynchronizedDispatchConnection] thread 14: received class org.gradle.launcher.daemon.protocol.CloseInput
14:37:27.268 [DEBUG] [org.gradle.launcher.daemon.server.DefaultDaemonConnection] Received IO message from client: org.gradle.launcher.daemon.protocol.CloseInput@2f07dcd0
14:37:27.289 [DEBUG] [org.gradle.launcher.daemon.server.exec.LogToClient] About to start relaying all logs to the client via the connection.
14:37:27.289 [INFO] [org.gradle.launcher.daemon.server.exec.LogToClient] The client will now receive all logging from the daemon (pid: 3728). The daemon log file: /Users/NathanRoss/AndroidStudioProjects/Binge3/daemon/2.8/daemon-3728.out.log
14:37:27.300 [INFO] [org.gradle.launcher.daemon.server.health.DaemonHealthTracker] Starting build in new daemon [memory: 954.7 MB]
14:37:27.302 [INFO] [org.gradle.launcher.daemon.server.exec.ForwardClientInput] Closing daemon's stdin at end of input.
14:37:27.302 [INFO] [org.gradle.launcher.daemon.server.exec.ForwardClientInput] The daemon will no longer process any standard input.
14:37:27.309 [DEBUG] [org.gradle.launcher.daemon.server.exec.ExecuteBuild] The daemon has started executing the build.
14:37:27.310 [INFO] [org.gradle.launcher.daemon.server.exec.ExecuteBuild] Executing build with daemon context: DefaultDaemonContext[uid=09a23d48-35cc-4185-9360-fc6dc6f21a5f,javaHome=/Library/Java/JavaVirtualMachines/jdk1.8.0_25.jdk/Contents/Home,daemonRegistryDir=/Users/NathanRoss/AndroidStudioProjects/Binge3/daemon,pid=3728,idleTimeout=10800000,daemonOpts=-XX:MaxPermSize=256m,-XX:+HeapDumpOnOutOfMemoryError,-Xmx1024m,-Dfile.encoding=UTF-8,-Duser.country=US,-Duser.language=en,-Duser.variant]
14:37:28.158 [DEBUG] [org.gradle.internal.resource.transport.http.JavaSystemPropertiesProxySettings] Found java system property 'http.nonProxyHosts': local|*.local|169.254/16|*.169.254/16. Will ignore proxy settings for these hosts.
14:37:28.332 [INFO] [org.gradle.tooling.internal.provider.DefaultPayloadClassLoaderRegistry] Creating ClassLoader f8cc2db5-4e9b-4068-982f-905f7df2ee23 from [Spec classpath:[file:/Applications/Android%20Studio.app/Contents/plugins/gradle/lib/gradle-tooling-api-2.2.jar, file:/Applications/Android%20Studio.app/Contents/plugins/gradle/lib/guava-jdk5-17.0.jar, file:/Applications/Android%20Studio.app/Contents/plugins/gradle/lib/gradle-base-services-2.2.jar, file:/Applications/Android%20Studio.app/Contents/plugins/gradle/lib/gradle-tooling-extension-api.jar, file:/Applications/Android%20Studio.app/Contents/lib/openapi.jar, file:/Applications/Android%20Studio.app/Contents/plugins/google-cloud-tools-core/lib/gradle-appengine-builder-model-0.1.0.jar, file:/Applications/Android%20Studio.app/Contents/plugins/android/lib/builder-model-1.5.0-beta2.jar]] and [org.gradle.internal.classloader.FilteringClassLoader@22830639].
14:37:28.334 [DEBUG] [org.gradle.cache.internal.DefaultFileLockManager] Waiting to acquire exclusive lock on jars (/Users/NathanRoss/AndroidStudioProjects/Binge3/caches/jars-1).
14:37:28.334 [DEBUG] [org.gradle.cache.internal.DefaultFileLockManager] Lock acquired.
14:37:28.335 [DEBUG] [org.gradle.cache.internal.DefaultPersistentDirectoryCache] Invalidating org.gradle.cache.internal.DefaultPersistentDirectoryCache$Initializer@3f7caf0c as it was not closed cleanly.
14:37:28.341 [DEBUG] [org.gradle.cache.internal.locklistener.DefaultFileLockContentionHandler] Starting file lock listener thread.

BUILD SUCCESSFUL

Total time: 20.124 secs
14:37:46.500 [DEBUG] [org.gradle.cache.internal.DefaultFileLockManager] Releasing lock on cp_init class cache for initialization script '/private/var/folders/99/5vnr88z10s96pcv5p6q56yr80000gp/T/asLocalRepo23.gradle' (/Users/NathanRoss/AndroidStudioProjects/Binge3/caches/2.8/scripts/asLocalRepo23_6n3zpplanalrzawr3vle8ce5s/cp_init).
14:37:46.501 [DEBUG] [org.gradle.cache.internal.DefaultFileLockManager] Releasing lock on init class cache for initialization script '/private/var/folders/99/5vnr88z10s96pcv5p6q56yr80000gp/T/asLocalRepo23.gradle' (/Users/NathanRoss/AndroidStudioProjects/Binge3/caches/2.8/scripts/asLocalRepo23_6n3zpplanalrzawr3vle8ce5s/init).
14:37:46.503 [DEBUG] [org.gradle.cache.internal.DefaultFileLockManager] Releasing lock on cp_init class cache for initialization script '/private/var/folders/99/5vnr88z10s96pcv5p6q56yr80000gp/T/ijinit5.gradle' (/Users/NathanRoss/AndroidStudioProjects/Binge3/caches/2.8/scripts/ijinit5_6y3d31go566n84kie7uww5qcm/cp_init).
14:37:46.503 [DEBUG] [org.gradle.cache.internal.DefaultFileLockManager] Releasing lock on init class cache for initialization script '/private/var/folders/99/5vnr88z10s96pcv5p6q56yr80000gp/T/ijinit5.gradle' (/Users/NathanRoss/AndroidStudioProjects/Binge3/caches/2.8/scripts/ijinit5_6y3d31go566n84kie7uww5qcm/init).
14:37:46.504 [DEBUG] [org.gradle.cache.internal.DefaultFileLockManager] Releasing lock on cp_settings class cache for settings file '/Users/NathanRoss/AndroidStudioProjects/Binge3/settings.gradle' (/Users/NathanRoss/AndroidStudioProjects/Binge3/caches/2.8/scripts/settings_6wrvfzp5s47j44a7xyqok63e8/cp_settings).
14:37:46.504 [DEBUG] [org.gradle.cache.internal.DefaultFileLockManager] Releasing lock on settings class cache for settings file '/Users/NathanRoss/AndroidStudioProjects/Binge3/settings.gradle' (/Users/NathanRoss/AndroidStudioProjects/Binge3/caches/2.8/scripts/settings_6wrvfzp5s47j44a7xyqok63e8/settings).
14:37:46.505 [DEBUG] [org.gradle.cache.internal.DefaultFileLockManager] Releasing lock on cp_proj class cache for build file '/Users/NathanRoss/AndroidStudioProjects/Binge3/build.gradle' (/Users/NathanRoss/AndroidStudioProjects/Binge3/caches/2.8/scripts/build_1ffn2yew3if596p379f7elrfo/cp_proj).
14:37:46.505 [DEBUG] [org.gradle.cache.internal.DefaultFileLockManager] Releasing lock on proj class cache for build file '/Users/NathanRoss/AndroidStudioProjects/Binge3/build.gradle' (/Users/NathanRoss/AndroidStudioProjects/Binge3/caches/2.8/scripts/build_1ffn2yew3if596p379f7elrfo/proj).
14:37:46.506 [DEBUG] [org.gradle.cache.internal.DefaultFileLockManager] Releasing lock on cp_proj class cache for build file '/Users/NathanRoss/AndroidStudioProjects/Binge3/app/build.gradle' (/Users/NathanRoss/AndroidStudioProjects/Binge3/caches/2.8/scripts/build_dth9u47h4xxjot9lmqmxwksat/cp_proj).
14:37:46.506 [DEBUG] [org.gradle.cache.internal.DefaultFileLockManager] Releasing lock on proj class cache for build file '/Users/NathanRoss/AndroidStudioProjects/Binge3/app/build.gradle' (/Users/NathanRoss/AndroidStudioProjects/Binge3/caches/2.8/scripts/build_dth9u47h4xxjot9lmqmxwksat/proj).
14:37:46.517 [DEBUG] [org.gradle.cache.internal.DefaultFileLockManager] Releasing lock on jars (/Users/NathanRoss/AndroidStudioProjects/Binge3/caches/jars-1).
14:37:46.518 [DEBUG] [org.gradle.api.internal.artifacts.ivyservice.ivyresolve.memcache.InMemoryCachedRepositoryFactory] In-memory dependency metadata cache closed. Repos cached: 30, cache instances: 4, modules served from cache: 199, artifacts: 112
14:37:46.519 [DEBUG] [org.gradle.cache.internal.btree.BTreePersistentIndexedCache] Closing cache module-metadata.bin (/Users/NathanRoss/AndroidStudioProjects/Binge3/caches/modules-2/metadata-2.16/module-metadata.bin)
14:37:46.519 [DEBUG] [org.gradle.cache.internal.btree.BTreePersistentIndexedCache] Closing cache artifact-at-url.bin (/Users/NathanRoss/AndroidStudioProjects/Binge3/caches/modules-2/metadata-2.16/artifact-at-url.bin)
14:37:46.520 [DEBUG] [org.gradle.cache.internal.DefaultFileLockManager] Releasing lock on artifact cache (/Users/NathanRoss/AndroidStudioProjects/Binge3/caches/modules-2).
14:37:46.522 [DEBUG] [org.gradle.api.internal.artifacts.ivyservice.resolveengine.store.CachedStoreFactory] Resolved configuration cache closed. Cache reads: 0, disk reads: 0 (avg: 0.0 secs, total: 0.0 secs)
14:37:46.523 [DEBUG] [org.gradle.api.internal.artifacts.ivyservice.resolveengine.store.CachedStoreFactory] Resolution result cache closed. Cache reads: 7, disk reads: 6 (avg: 0.004 secs, total: 0.024 secs)
14:37:46.523 [DEBUG] [org.gradle.api.internal.artifacts.ivyservice.resolveengine.store.ResolutionResultsStoreFactory] Deleted 2 resolution results binary files in 0.003 secs
14:37:46.523 [DEBUG] [org.gradle.cache.internal.DefaultCacheAccess] Cache Plugin Resolution Cache (/Users/NathanRoss/AndroidStudioProjects/Binge3/caches/2.8/plugin-resolution) was closed 0 times.
14:37:46.524 [DEBUG] [org.gradle.api.internal.tasks.compile.daemon.CompilerDaemonManager] Stopping 0 compiler daemon(s).
14:37:46.524 [INFO] [org.gradle.api.internal.tasks.compile.daemon.CompilerDaemonManager] Stopped 0 compiler daemon(s).
14:37:46.524 [DEBUG] [org.gradle.launcher.daemon.server.exec.ExecuteBuild] The daemon has finished executing the build.
14:37:46.957 [DEBUG] [org.gradle.launcher.daemon.server.DaemonStateCoordinator] Daemon is busy, sleeping until state changes.
14:37:46.958 [DEBUG] [org.gradle.launcher.daemon.server.DaemonStateCoordinator] Command execution: finished waiting for DaemonCommandExecution[command = Build{id=9ba6d5b0-ef01-4c03-bf87-54ee9b2c7e3b.1, currentDir=/Users/NathanRoss/AndroidStudioProjects/Binge3}, connection = org.gradle.launcher.daemon.server.DefaultDaemonConnection@73f3cfbb]. Result org.gradle.launcher.daemon.server.DaemonStateCoordinator@5d2e067b with state Running
14:37:46.958 [DEBUG] [org.gradle.launcher.daemon.server.DaemonStateCoordinator] Command execution: completed DaemonCommandExecution[command = Build{id=9ba6d5b0-ef01-4c03-bf87-54ee9b2c7e3b.1, currentDir=/Users/NathanRoss/AndroidStudioProjects/Binge3}, connection = org.gradle.launcher.daemon.server.DefaultDaemonConnection@73f3cfbb]
14:37:46.958 [DEBUG] [org.gradle.launcher.daemon.server.DaemonStateCoordinator] updating lastActivityAt to 1461526666958
14:37:46.959 [INFO] [org.gradle.launcher.daemon.server.DomainRegistryUpdater] Marking the daemon as idle, address: [f1e1bdac-8613-447f-9848-c9411d42a47c port:60955, addresses:[/0:0:0:0:0:0:0:1, /127.0.0.1]]
14:37:46.959 [DEBUG] [org.gradle.launcher.daemon.registry.PersistentDaemonRegistry] Marking idle by address: [f1e1bdac-8613-447f-9848-c9411d42a47c port:60955, addresses:[/0:0:0:0:0:0:0:1, /127.0.0.1]]
14:37:46.960 [DEBUG] [org.gradle.cache.internal.DefaultFileLockManager] Waiting to acquire exclusive lock on daemon addresses registry.
14:37:46.961 [DEBUG] [org.gradle.cache.internal.DefaultFileLockManager] Lock acquired.
14:37:46.964 [DEBUG] [org.gradle.cache.internal.DefaultFileLockManager] Releasing lock on daemon addresses registry.
14:37:46.965 [DEBUG] [org.gradle.launcher.daemon.server.DaemonStateCoordinator] Daemon is idle, sleeping until state change or idle timeout at Sun Apr 24 17:37:46 CDT 2016
14:37:46.966 [DEBUG] [org.gradle.launcher.daemon.server.exec.ReturnResult] Daemon is dispatching the build result: Success[value=org.gradle.tooling.internal.provider.BuildActionResult@14ac45b2]
14:37:46.966 [DEBUG] [org.gradle.launcher.daemon.server.SynchronizedDispatchConnection] thread 13: dispatching class org.gradle.launcher.daemon.protocol.Success
14:37:46.980 [DEBUG] [org.gradle.launcher.daemon.server.DefaultIncomingConnectionHandler] Finishing executing command: Build{id=9ba6d5b0-ef01-4c03-bf87-54ee9b2c7e3b.1, currentDir=/Users/NathanRoss/AndroidStudioProjects/Binge3}
14:37:46.982 [DEBUG] [org.gradle.launcher.daemon.server.SynchronizedDispatchConnection] thread 14: received class org.gradle.launcher.daemon.protocol.Finished
14:37:46.983 [DEBUG] [org.gradle.launcher.daemon.server.DefaultDaemonConnection] Received non-IO message from client: org.gradle.launcher.daemon.protocol.Finished@2db2d5a8
14:37:46.983 [DEBUG] [org.gradle.launcher.daemon.server.DefaultIncomingConnectionHandler] Received finished message: org.gradle.launcher.daemon.protocol.Finished@2db2d5a8
14:37:46.983 [DEBUG] [org.gradle.launcher.daemon.server.SynchronizedDispatchConnection] thread 13: stopping connection
14:37:46.983 [DEBUG] [org.gradle.messaging.remote.internal.inet.SocketConnection] Discarding EOFException: java.io.EOFException
14:37:46.984 [DEBUG] [org.gradle.launcher.daemon.server.SynchronizedDispatchConnection] thread 14: received null
14:37:46.984 [DEBUG] [org.gradle.launcher.daemon.server.DefaultDaemonConnection] Received end-of-input from client.
14:37:46.987 [DEBUG] [org.gradle.launcher.daemon.server.SynchronizedDispatchConnection] thread 13: stopping connection
14:38:16.770 [DEBUG] [org.gradle.messaging.remote.internal.inet.TcpIncomingConnector] Accepted connection from /127.0.0.1:64109 to /127.0.0.1:60955.
14:38:16.776 [DEBUG] [org.gradle.launcher.daemon.server.SynchronizedDispatchConnection] thread 20: received class org.gradle.launcher.daemon.protocol.Build
14:38:16.777 [DEBUG] [org.gradle.launcher.daemon.server.DefaultDaemonConnection] Received non-IO message from client: Build{id=6e8b015f-829c-4b51-a929-a5aef3192695.1, currentDir=/Users/NathanRoss/AndroidStudioProjects/Binge3}
14:38:16.780 [INFO] [org.gradle.launcher.daemon.server.DefaultIncomingConnectionHandler] Received command: Build{id=6e8b015f-829c-4b51-a929-a5aef3192695.1, currentDir=/Users/NathanRoss/AndroidStudioProjects/Binge3}.
14:38:16.780 [DEBUG] [org.gradle.launcher.daemon.server.DefaultIncomingConnectionHandler] Starting executing command: Build{id=6e8b015f-829c-4b51-a929-a5aef3192695.1, currentDir=/Users/NathanRoss/AndroidStudioProjects/Binge3} with connection: socket connection from /127.0.0.1:60955 to /127.0.0.1:64109.
14:38:16.782 [DEBUG] [org.gradle.launcher.daemon.server.DaemonStateCoordinator] Command execution: started DaemonCommandExecution[command = Build{id=6e8b015f-829c-4b51-a929-a5aef3192695.1, currentDir=/Users/NathanRoss/AndroidStudioProjects/Binge3}, connection = org.gradle.launcher.daemon.server.DefaultDaemonConnection@370c8d78] after 0.0 minutes of idle
14:38:16.783 [INFO] [org.gradle.launcher.daemon.server.DomainRegistryUpdater] Marking the daemon as busy, address: [f1e1bdac-8613-447f-9848-c9411d42a47c port:60955, addresses:[/0:0:0:0:0:0:0:1, /127.0.0.1]]
14:38:16.783 [DEBUG] [org.gradle.launcher.daemon.registry.PersistentDaemonRegistry] Marking busy by address: [f1e1bdac-8613-447f-9848-c9411d42a47c port:60955, addresses:[/0:0:0:0:0:0:0:1, /127.0.0.1]]
14:38:16.783 [DEBUG] [org.gradle.cache.internal.DefaultFileLockManager] Waiting to acquire exclusive lock on daemon addresses registry.
14:38:16.809 [DEBUG] [org.gradle.cache.internal.DefaultFileLockManager] Lock acquired.
14:38:16.813 [DEBUG] [org.gradle.cache.internal.DefaultFileLockManager] Releasing lock on daemon addresses registry.
14:38:16.814 [DEBUG] [org.gradle.launcher.daemon.server.DaemonStateCoordinator] updating lastActivityAt to 1461526696814
14:38:16.814 [DEBUG] [org.gradle.launcher.daemon.server.DaemonStateCoordinator] Daemon is busy, sleeping until state changes.
14:38:16.814 [INFO] [org.gradle.launcher.daemon.server.exec.StartBuildOrRespondWithBusy] Daemon is about to start building Build{id=6e8b015f-829c-4b51-a929-a5aef3192695.1, currentDir=/Users/NathanRoss/AndroidStudioProjects/Binge3}. Dispatching build started information...
14:38:16.815 [DEBUG] [org.gradle.launcher.daemon.server.SynchronizedDispatchConnection] thread 16: dispatching class org.gradle.launcher.daemon.protocol.BuildStarted
14:38:16.820 [DEBUG] [org.gradle.launcher.daemon.server.exec.EstablishBuildEnvironment] Configuring env variables: {PATH=/usr/bin:/bin:/usr/sbin:/sbin, SHELL=/bin/bash, USER=NathanRoss, TMPDIR=/var/folders/99/5vnr88z10s96pcv5p6q56yr80000gp/T/, SSH_AUTH_SOCK=/private/tmp/com.apple.launchd.38bJOLv8EP/Listeners, DISPLAY=/private/tmp/com.apple.launchd.JqKdlC4AFd/org.macosforge.xquartz:0, XPC_FLAGS=0x0, __CF_USER_TEXT_ENCODING=0x1F6:0x0:0x0, Apple_PubSub_Socket_Render=/private/tmp/com.apple.launchd.FaijAoQwJF/Render, LOGNAME=NathanRoss, XPC_SERVICE_NAME=com.google.android.studio.137772, HOME=/Users/NathanRoss}
14:38:16.823 [DEBUG] [org.gradle.launcher.daemon.server.SynchronizedDispatchConnection] thread 20: received class org.gradle.launcher.daemon.protocol.CloseInput
14:38:16.832 [DEBUG] [org.gradle.launcher.daemon.server.DefaultDaemonConnection] Received IO message from client: org.gradle.launcher.daemon.protocol.CloseInput@493c91e9
14:38:16.832 [DEBUG] [org.gradle.launcher.daemon.server.exec.LogToClient] About to start relaying all logs to the client via the connection.
14:38:16.832 [INFO] [org.gradle.launcher.daemon.server.exec.LogToClient] The client will now receive all logging from the daemon (pid: 3728). The daemon log file: /Users/NathanRoss/AndroidStudioProjects/Binge3/daemon/2.8/daemon-3728.out.log
14:38:16.833 [INFO] [org.gradle.launcher.daemon.server.health.DaemonHealthTracker] Starting 2nd build in daemon [uptime: 49.885 secs, performance: 98%, memory: 27% of 954.7 MB]
14:38:16.834 [DEBUG] [org.gradle.launcher.daemon.server.exec.ExecuteBuild] The daemon has started executing the build.
14:38:16.834 [INFO] [org.gradle.launcher.daemon.server.exec.ExecuteBuild] Executing build with daemon context: DefaultDaemonContext[uid=09a23d48-35cc-4185-9360-fc6dc6f21a5f,javaHome=/Library/Java/JavaVirtualMachines/jdk1.8.0_25.jdk/Contents/Home,daemonRegistryDir=/Users/NathanRoss/AndroidStudioProjects/Binge3/daemon,pid=3728,idleTimeout=10800000,daemonOpts=-XX:MaxPermSize=256m,-XX:+HeapDumpOnOutOfMemoryError,-Xmx1024m,-Dfile.encoding=UTF-8,-Duser.country=US,-Duser.language=en,-Duser.variant]
14:38:16.834 [INFO] [org.gradle.launcher.daemon.server.exec.ForwardClientInput] Closing daemon's stdin at end of input.
14:38:16.835 [INFO] [org.gradle.launcher.daemon.server.exec.ForwardClientInput] The daemon will no longer process any standard input.
14:38:16.837 [DEBUG] [org.gradle.internal.resource.transport.http.JavaSystemPropertiesProxySettings] Found java system property 'http.nonProxyHosts': local|*.local|169.254/16|*.169.254/16. Will ignore proxy settings for these hosts.

BUILD SUCCESSFUL

Total time: 1.781 secs
14:38:18.827 [DEBUG] [org.gradle.cache.internal.DefaultFileLockManager] Releasing lock on cp_init class cache for initialization script '/private/var/folders/99/5vnr88z10s96pcv5p6q56yr80000gp/T/asLocalRepo24.gradle' (/Users/NathanRoss/AndroidStudioProjects/Binge3/caches/2.8/scripts/asLocalRepo24_5vdlnjtfg4hc02atzxyq8wasd/cp_init).
14:38:18.828 [DEBUG] [org.gradle.cache.internal.DefaultFileLockManager] Releasing lock on init class cache for initialization script '/private/var/folders/99/5vnr88z10s96pcv5p6q56yr80000gp/T/asLocalRepo24.gradle' (/Users/NathanRoss/AndroidStudioProjects/Binge3/caches/2.8/scripts/asLocalRepo24_5vdlnjtfg4hc02atzxyq8wasd/init).
14:38:18.828 [DEBUG] [org.gradle.cache.internal.DefaultFileLockManager] Releasing lock on cp_init class cache for initialization script '/private/var/folders/99/5vnr88z10s96pcv5p6q56yr80000gp/T/ijinit6.gradle' (/Users/NathanRoss/AndroidStudioProjects/Binge3/caches/2.8/scripts/ijinit6_5rpp3w3abrllsdo5reebsk1ub/cp_init).
14:38:18.829 [DEBUG] [org.gradle.cache.internal.DefaultFileLockManager] Releasing lock on init class cache for initialization script '/private/var/folders/99/5vnr88z10s96pcv5p6q56yr80000gp/T/ijinit6.gradle' (/Users/NathanRoss/AndroidStudioProjects/Binge3/caches/2.8/scripts/ijinit6_5rpp3w3abrllsdo5reebsk1ub/init).
14:38:18.829 [DEBUG] [org.gradle.cache.internal.DefaultFileLockManager] Releasing lock on cp_settings class cache for settings file '/Users/NathanRoss/AndroidStudioProjects/Binge3/settings.gradle' (/Users/NathanRoss/AndroidStudioProjects/Binge3/caches/2.8/scripts/settings_6wrvfzp5s47j44a7xyqok63e8/cp_settings).
14:38:18.829 [DEBUG] [org.gradle.cache.internal.DefaultFileLockManager] Releasing lock on settings class cache for settings file '/Users/NathanRoss/AndroidStudioProjects/Binge3/settings.gradle' (/Users/NathanRoss/AndroidStudioProjects/Binge3/caches/2.8/scripts/settings_6wrvfzp5s47j44a7xyqok63e8/settings).
14:38:18.830 [DEBUG] [org.gradle.cache.internal.DefaultFileLockManager] Releasing lock on cp_proj class cache for build file '/Users/NathanRoss/AndroidStudioProjects/Binge3/build.gradle' (/Users/NathanRoss/AndroidStudioProjects/Binge3/caches/2.8/scripts/build_1ffn2yew3if596p379f7elrfo/cp_proj).
14:38:18.830 [DEBUG] [org.gradle.cache.internal.DefaultFileLockManager] Releasing lock on proj class cache for build file '/Users/NathanRoss/AndroidStudioProjects/Binge3/build.gradle' (/Users/NathanRoss/AndroidStudioProjects/Binge3/caches/2.8/scripts/build_1ffn2yew3if596p379f7elrfo/proj).
14:38:18.830 [DEBUG] [org.gradle.cache.internal.DefaultFileLockManager] Releasing lock on cp_proj class cache for build file '/Users/NathanRoss/AndroidStudioProjects/Binge3/app/build.gradle' (/Users/NathanRoss/AndroidStudioProjects/Binge3/caches/2.8/scripts/build_dth9u47h4xxjot9lmqmxwksat/cp_proj).
14:38:18.831 [DEBUG] [org.gradle.cache.internal.DefaultFileLockManager] Releasing lock on proj class cache for build file '/Users/NathanRoss/AndroidStudioProjects/Binge3/app/build.gradle' (/Users/NathanRoss/AndroidStudioProjects/Binge3/caches/2.8/scripts/build_dth9u47h4xxjot9lmqmxwksat/proj).
14:38:18.832 [DEBUG] [org.gradle.cache.internal.DefaultCacheAccess] Cache jars (/Users/NathanRoss/AndroidStudioProjects/Binge3/caches/jars-1) was closed 0 times.
14:38:18.832 [DEBUG] [org.gradle.api.internal.artifacts.ivyservice.ivyresolve.memcache.InMemoryCachedRepositoryFactory] In-memory dependency metadata cache closed. Repos cached: 30, cache instances: 4, modules served from cache: 206, artifacts: 112
14:38:18.832 [DEBUG] [org.gradle.cache.internal.btree.BTreePersistentIndexedCache] Closing cache module-metadata.bin (/Users/NathanRoss/AndroidStudioProjects/Binge3/caches/modules-2/metadata-2.16/module-metadata.bin)
14:38:18.833 [DEBUG] [org.gradle.cache.internal.DefaultFileLockManager] Releasing lock on artifact cache (/Users/NathanRoss/AndroidStudioProjects/Binge3/caches/modules-2).
14:38:19.116 [DEBUG] [org.gradle.api.internal.artifacts.ivyservice.resolveengine.store.CachedStoreFactory] Resolved configuration cache closed. Cache reads: 0, disk reads: 0 (avg: 0.0 secs, total: 0.0 secs)
14:38:19.191 [DEBUG] [org.gradle.api.internal.artifacts.ivyservice.resolveengine.store.CachedStoreFactory] Resolution result cache closed. Cache reads: 7, disk reads: 6 (avg: 0.0 secs, total: 0.005 secs)
14:38:19.191 [DEBUG] [org.gradle.api.internal.artifacts.ivyservice.resolveengine.store.ResolutionResultsStoreFactory] Deleted 2 resolution results binary files in 0.358 secs
14:38:19.192 [DEBUG] [org.gradle.cache.internal.DefaultCacheAccess] Cache Plugin Resolution Cache (/Users/NathanRoss/AndroidStudioProjects/Binge3/caches/2.8/plugin-resolution) was closed 0 times.
14:38:19.192 [DEBUG] [org.gradle.api.internal.tasks.compile.daemon.CompilerDaemonManager] Stopping 0 compiler daemon(s).
14:38:19.192 [INFO] [org.gradle.api.internal.tasks.compile.daemon.CompilerDaemonManager] Stopped 0 compiler daemon(s).
14:38:19.192 [DEBUG] [org.gradle.launcher.daemon.server.exec.ExecuteBuild] The daemon has finished executing the build.
14:38:19.194 [DEBUG] [org.gradle.launcher.daemon.server.DaemonStateCoordinator] Command execution: finished waiting for DaemonCommandExecution[command = Build{id=6e8b015f-829c-4b51-a929-a5aef3192695.1, currentDir=/Users/NathanRoss/AndroidStudioProjects/Binge3}, connection = org.gradle.launcher.daemon.server.DefaultDaemonConnection@370c8d78]. Result org.gradle.launcher.daemon.server.DaemonStateCoordinator@5d2e067b with state Running
14:38:19.195 [DEBUG] [org.gradle.launcher.daemon.server.DaemonStateCoordinator] Command execution: completed DaemonCommandExecution[command = Build{id=6e8b015f-829c-4b51-a929-a5aef3192695.1, currentDir=/Users/NathanRoss/AndroidStudioProjects/Binge3}, connection = org.gradle.launcher.daemon.server.DefaultDaemonConnection@370c8d78]
14:38:19.195 [DEBUG] [org.gradle.launcher.daemon.server.DaemonStateCoordinator] updating lastActivityAt to 1461526699195
14:38:19.195 [INFO] [org.gradle.launcher.daemon.server.DomainRegistryUpdater] Marking the daemon as idle, address: [f1e1bdac-8613-447f-9848-c9411d42a47c port:60955, addresses:[/0:0:0:0:0:0:0:1, /127.0.0.1]]
14:38:19.274 [DEBUG] [org.gradle.launcher.daemon.registry.PersistentDaemonRegistry] Marking idle by address: [f1e1bdac-8613-447f-9848-c9411d42a47c port:60955, addresses:[/0:0:0:0:0:0:0:1, /127.0.0.1]]
14:38:19.275 [DEBUG] [org.gradle.cache.internal.DefaultFileLockManager] Waiting to acquire exclusive lock on daemon addresses registry.
14:38:19.276 [DEBUG] [org.gradle.cache.internal.DefaultFileLockManager] Lock acquired.
14:38:19.279 [DEBUG] [org.gradle.cache.internal.DefaultFileLockManager] Releasing lock on daemon addresses registry.
14:38:19.279 [DEBUG] [org.gradle.launcher.daemon.server.exec.ReturnResult] Daemon is dispatching the build result: Success[value=org.gradle.tooling.internal.provider.BuildActionResult@65dc5328]
14:38:19.279 [DEBUG] [org.gradle.launcher.daemon.server.DaemonStateCoordinator] Daemon is idle, sleeping until state change or idle timeout at Sun Apr 24 17:38:19 CDT 2016
14:38:19.280 [DEBUG] [org.gradle.launcher.daemon.server.SynchronizedDispatchConnection] thread 13: dispatching class org.gradle.launcher.daemon.protocol.Success
14:38:19.295 [DEBUG] [org.gradle.launcher.daemon.server.DefaultIncomingConnectionHandler] Finishing executing command: Build{id=6e8b015f-829c-4b51-a929-a5aef3192695.1, currentDir=/Users/NathanRoss/AndroidStudioProjects/Binge3}
14:38:19.297 [DEBUG] [org.gradle.launcher.daemon.server.SynchronizedDispatchConnection] thread 20: received class org.gradle.launcher.daemon.protocol.Finished
14:38:19.298 [DEBUG] [org.gradle.launcher.daemon.server.DefaultDaemonConnection] Received non-IO message from client: org.gradle.launcher.daemon.protocol.Finished@4d031c16
14:38:19.298 [DEBUG] [org.gradle.launcher.daemon.server.DefaultIncomingConnectionHandler] Received finished message: org.gradle.launcher.daemon.protocol.Finished@4d031c16
14:38:19.298 [DEBUG] [org.gradle.launcher.daemon.server.SynchronizedDispatchConnection] thread 13: stopping connection
14:38:19.298 [DEBUG] [org.gradle.messaging.remote.internal.inet.SocketConnection] Discarding EOFException: java.io.EOFException
14:38:19.299 [DEBUG] [org.gradle.launcher.daemon.server.SynchronizedDispatchConnection] thread 20: received null
14:38:19.299 [DEBUG] [org.gradle.launcher.daemon.server.DefaultDaemonConnection] Received end-of-input from client.
14:38:19.300 [DEBUG] [org.gradle.launcher.daemon.server.SynchronizedDispatchConnection] thread 13: stopping connection
14:38:33.796 [DEBUG] [org.gradle.messaging.remote.internal.inet.TcpIncomingConnector] Accepted connection from /127.0.0.1:65199 to /127.0.0.1:60955.
14:38:33.855 [DEBUG] [org.gradle.launcher.daemon.server.SynchronizedDispatchConnection] thread 23: received class org.gradle.launcher.daemon.protocol.Build
14:38:33.856 [DEBUG] [org.gradle.launcher.daemon.server.DefaultDaemonConnection] Received non-IO message from client: Build{id=0ea2066c-cfdf-477d-a728-1b9c4094d85e.1, currentDir=/Users/NathanRoss/AndroidStudioProjects/Binge3}
14:38:33.856 [INFO] [org.gradle.launcher.daemon.server.DefaultIncomingConnectionHandler] Received command: Build{id=0ea2066c-cfdf-477d-a728-1b9c4094d85e.1, currentDir=/Users/NathanRoss/AndroidStudioProjects/Binge3}.
14:38:33.856 [DEBUG] [org.gradle.launcher.daemon.server.DefaultIncomingConnectionHandler] Starting executing command: Build{id=0ea2066c-cfdf-477d-a728-1b9c4094d85e.1, currentDir=/Users/NathanRoss/AndroidStudioProjects/Binge3} with connection: socket connection from /127.0.0.1:60955 to /127.0.0.1:65199.
14:38:33.857 [DEBUG] [org.gradle.launcher.daemon.server.DaemonStateCoordinator] Command execution: started DaemonCommandExecution[command = Build{id=0ea2066c-cfdf-477d-a728-1b9c4094d85e.1, currentDir=/Users/NathanRoss/AndroidStudioProjects/Binge3}, connection = org.gradle.launcher.daemon.server.DefaultDaemonConnection@905b96f] after 0.0 minutes of idle
14:38:33.857 [INFO] [org.gradle.launcher.daemon.server.DomainRegistryUpdater] Marking the daemon as busy, address: [f1e1bdac-8613-447f-9848-c9411d42a47c port:60955, addresses:[/0:0:0:0:0:0:0:1, /127.0.0.1]]
14:38:33.857 [DEBUG] [org.gradle.launcher.daemon.registry.PersistentDaemonRegistry] Marking busy by address: [f1e1bdac-8613-447f-9848-c9411d42a47c port:60955, addresses:[/0:0:0:0:0:0:0:1, /127.0.0.1]]
14:38:33.991 [DEBUG] [org.gradle.cache.internal.DefaultFileLockManager] Waiting to acquire exclusive lock on daemon addresses registry.
14:38:33.992 [DEBUG] [org.gradle.cache.internal.DefaultFileLockManager] Lock acquired.
14:38:33.996 [DEBUG] [org.gradle.cache.internal.DefaultFileLockManager] Releasing lock on daemon addresses registry.
14:38:33.997 [DEBUG] [org.gradle.launcher.daemon.server.DaemonStateCoordinator] updating lastActivityAt to 1461526713997
14:38:33.997 [DEBUG] [org.gradle.launcher.daemon.server.DaemonStateCoordinator] Daemon is busy, sleeping until state changes.
14:38:33.998 [INFO] [org.gradle.launcher.daemon.server.exec.StartBuildOrRespondWithBusy] Daemon is about to start building Build{id=0ea2066c-cfdf-477d-a728-1b9c4094d85e.1, currentDir=/Users/NathanRoss/AndroidStudioProjects/Binge3}. Dispatching build started information...
14:38:33.998 [DEBUG] [org.gradle.launcher.daemon.server.SynchronizedDispatchConnection] thread 16: dispatching class org.gradle.launcher.daemon.protocol.BuildStarted
14:38:33.999 [DEBUG] [org.gradle.launcher.daemon.server.exec.EstablishBuildEnvironment] Configuring env variables: {PATH=/usr/bin:/bin:/usr/sbin:/sbin, SHELL=/bin/bash, USER=NathanRoss, TMPDIR=/var/folders/99/5vnr88z10s96pcv5p6q56yr80000gp/T/, SSH_AUTH_SOCK=/private/tmp/com.apple.launchd.38bJOLv8EP/Listeners, DISPLAY=/private/tmp/com.apple.launchd.JqKdlC4AFd/org.macosforge.xquartz:0, XPC_FLAGS=0x0, __CF_USER_TEXT_ENCODING=0x1F6:0x0:0x0, Apple_PubSub_Socket_Render=/private/tmp/com.apple.launchd.FaijAoQwJF/Render, LOGNAME=NathanRoss, XPC_SERVICE_NAME=com.google.android.studio.137772, HOME=/Users/NathanRoss}
14:38:34.003 [DEBUG] [org.gradle.launcher.daemon.server.exec.LogToClient] About to start relaying all logs to the client via the connection.
14:38:34.004 [INFO] [org.gradle.launcher.daemon.server.exec.LogToClient] The client will now receive all logging from the daemon (pid: 3728). The daemon log file: /Users/NathanRoss/AndroidStudioProjects/Binge3/daemon/2.8/daemon-3728.out.log
14:38:34.004 [INFO] [org.gradle.launcher.daemon.server.health.DaemonHealthTracker] Starting 3rd build in daemon [uptime: 1 mins 7.056 secs, performance: 97%, memory: 28% of 954.7 MB]
14:38:34.005 [DEBUG] [org.gradle.launcher.daemon.server.exec.ExecuteBuild] The daemon has started executing the build.
14:38:34.005 [INFO] [org.gradle.launcher.daemon.server.exec.ExecuteBuild] Executing build with daemon context: DefaultDaemonContext[uid=09a23d48-35cc-4185-9360-fc6dc6f21a5f,javaHome=/Library/Java/JavaVirtualMachines/jdk1.8.0_25.jdk/Contents/Home,daemonRegistryDir=/Users/NathanRoss/AndroidStudioProjects/Binge3/daemon,pid=3728,idleTimeout=10800000,daemonOpts=-XX:MaxPermSize=256m,-XX:+HeapDumpOnOutOfMemoryError,-Xmx1024m,-Dfile.encoding=UTF-8,-Duser.country=US,-Duser.language=en,-Duser.variant]
14:38:34.008 [DEBUG] [org.gradle.internal.resource.transport.http.JavaSystemPropertiesProxySettings] Found java system property 'http.nonProxyHosts': local|*.local|169.254/16|*.169.254/16. Will ignore proxy settings for these hosts.
Configuration on demand is an incubating feature.
:app:preBuild UP-TO-DATE
:app:preDebugBuild UP-TO-DATE
:app:checkDebugManifest
:app:preReleaseBuild UP-TO-DATE
:app:prepareComAndroidSupportAnimatedVectorDrawable2330Library
:app:prepareComAndroidSupportAppcompatV72330Library
:app:prepareComAndroidSupportDesign2330Library
:app:prepareComAndroidSupportRecyclerviewV72330Library
:app:prepareComAndroidSupportSupportV42330Library
:app:prepareComAndroidSupportSupportVectorDrawable2330Library
:app:prepareDebugDependencies
:app:compileDebugAidl
:app:compileDebugRenderscript
:app:generateDebugBuildConfig
:app:generateDebugAssets UP-TO-DATE
:app:mergeDebugAssets
:app:generateDebugResValues
:app:generateDebugResources
:app:mergeDebugResources
:app:processDebugManifest
:app:processDebugResources
:app:generateDebugSources
:app:compileDebugJavaWithJavac
:app:compileDebugNdk UP-TO-DATE
:app:compileDebugSources
:app:transformClassesWithDexForDebug
:app:mergeDebugJniLibFolders
:app:transformNative_libsWithMergeJniLibsForDebug
:app:processDebugJavaRes UP-TO-DATE
:app:transformResourcesWithMergeJavaResForDebug
:app:validateDebugSigning
:app:packageDebug
:app:zipalignDebug
:app:assembleDebug

BUILD SUCCESSFUL

Total time: 3 mins 24.502 secs
14:41:58.012 [DEBUG] [org.gradle.cache.internal.DefaultFileLockManager] Releasing lock on cp_init class cache for initialization script '/private/var/folders/99/5vnr88z10s96pcv5p6q56yr80000gp/T/asLocalRepo25.gradle' (/Users/NathanRoss/AndroidStudioProjects/Binge3/caches/2.8/scripts/asLocalRepo25_bdmetvpd38i7z9hqt7m6iti2k/cp_init).
14:41:58.013 [DEBUG] [org.gradle.cache.internal.DefaultFileLockManager] Releasing lock on init class cache for initialization script '/private/var/folders/99/5vnr88z10s96pcv5p6q56yr80000gp/T/asLocalRepo25.gradle' (/Users/NathanRoss/AndroidStudioProjects/Binge3/caches/2.8/scripts/asLocalRepo25_bdmetvpd38i7z9hqt7m6iti2k/init).
14:41:58.014 [DEBUG] [org.gradle.cache.internal.DefaultFileLockManager] Releasing lock on cp_settings class cache for settings file '/Users/NathanRoss/AndroidStudioProjects/Binge3/settings.gradle' (/Users/NathanRoss/AndroidStudioProjects/Binge3/caches/2.8/scripts/settings_6wrvfzp5s47j44a7xyqok63e8/cp_settings).
14:41:58.014 [DEBUG] [org.gradle.cache.internal.DefaultFileLockManager] Releasing lock on settings class cache for settings file '/Users/NathanRoss/AndroidStudioProjects/Binge3/settings.gradle' (/Users/NathanRoss/AndroidStudioProjects/Binge3/caches/2.8/scripts/settings_6wrvfzp5s47j44a7xyqok63e8/settings).
14:41:58.014 [DEBUG] [org.gradle.cache.internal.DefaultFileLockManager] Releasing lock on cp_proj class cache for build file '/Users/NathanRoss/AndroidStudioProjects/Binge3/build.gradle' (/Users/NathanRoss/AndroidStudioProjects/Binge3/caches/2.8/scripts/build_1ffn2yew3if596p379f7elrfo/cp_proj).
14:41:58.015 [DEBUG] [org.gradle.cache.internal.DefaultFileLockManager] Releasing lock on proj class cache for build file '/Users/NathanRoss/AndroidStudioProjects/Binge3/build.gradle' (/Users/NathanRoss/AndroidStudioProjects/Binge3/caches/2.8/scripts/build_1ffn2yew3if596p379f7elrfo/proj).
14:41:58.015 [DEBUG] [org.gradle.cache.internal.DefaultFileLockManager] Releasing lock on cp_proj class cache for build file '/Users/NathanRoss/AndroidStudioProjects/Binge3/app/build.gradle' (/Users/NathanRoss/AndroidStudioProjects/Binge3/caches/2.8/scripts/build_dth9u47h4xxjot9lmqmxwksat/cp_proj).
14:41:58.015 [DEBUG] [org.gradle.cache.internal.DefaultFileLockManager] Releasing lock on proj class cache for build file '/Users/NathanRoss/AndroidStudioProjects/Binge3/app/build.gradle' (/Users/NathanRoss/AndroidStudioProjects/Binge3/caches/2.8/scripts/build_dth9u47h4xxjot9lmqmxwksat/proj).
14:41:58.016 [DEBUG] [org.gradle.cache.internal.btree.BTreePersistentIndexedCache] Closing cache fileHashes.bin (/Users/NathanRoss/AndroidStudioProjects/Binge3/.gradle/2.8/taskArtifacts/fileHashes.bin)
14:41:58.016 [DEBUG] [org.gradle.cache.internal.btree.BTreePersistentIndexedCache] Closing cache outputFileStates.bin (/Users/NathanRoss/AndroidStudioProjects/Binge3/.gradle/2.8/taskArtifacts/outputFileStates.bin)
14:41:58.016 [DEBUG] [org.gradle.cache.internal.btree.BTreePersistentIndexedCache] Closing cache fileSnapshots.bin (/Users/NathanRoss/AndroidStudioProjects/Binge3/.gradle/2.8/taskArtifacts/fileSnapshots.bin)
14:41:58.017 [DEBUG] [org.gradle.cache.internal.btree.BTreePersistentIndexedCache] Closing cache taskArtifacts.bin (/Users/NathanRoss/AndroidStudioProjects/Binge3/.gradle/2.8/taskArtifacts/taskArtifacts.bin)
14:41:58.017 [DEBUG] [org.gradle.cache.internal.DefaultFileLockManager] Releasing lock on task history cache (/Users/NathanRoss/AndroidStudioProjects/Binge3/.gradle/2.8/taskArtifacts).
14:41:58.017 [DEBUG] [org.gradle.cache.internal.DefaultCacheAccess] Cache jars (/Users/NathanRoss/AndroidStudioProjects/Binge3/caches/jars-1) was closed 0 times.
14:41:58.018 [DEBUG] [org.gradle.api.internal.artifacts.ivyservice.ivyresolve.memcache.InMemoryCachedRepositoryFactory] In-memory dependency metadata cache closed. Repos cached: 14, cache instances: 4, modules served from cache: 74, artifacts: 39
14:41:58.019 [DEBUG] [org.gradle.cache.internal.btree.BTreePersistentIndexedCache] Closing cache module-metadata.bin (/Users/NathanRoss/AndroidStudioProjects/Binge3/caches/modules-2/metadata-2.16/module-metadata.bin)
14:41:58.019 [DEBUG] [org.gradle.cache.internal.DefaultFileLockManager] Releasing lock on artifact cache (/Users/NathanRoss/AndroidStudioProjects/Binge3/caches/modules-2).
14:41:58.102 [DEBUG] [org.gradle.api.internal.artifacts.ivyservice.resolveengine.store.CachedStoreFactory] Resolved configuration cache closed. Cache reads: 0, disk reads: 0 (avg: 0.0 secs, total: 0.0 secs)
14:41:58.103 [DEBUG] [org.gradle.api.internal.artifacts.ivyservice.resolveengine.store.CachedStoreFactory] Resolution result cache closed. Cache reads: 0, disk reads: 4 (avg: 0.0 secs, total: 0.001 secs)
14:41:58.103 [DEBUG] [org.gradle.api.internal.artifacts.ivyservice.resolveengine.store.ResolutionResultsStoreFactory] Deleted 2 resolution results binary files in 0.066 secs
14:41:58.103 [DEBUG] [org.gradle.cache.internal.DefaultCacheAccess] Cache Plugin Resolution Cache (/Users/NathanRoss/AndroidStudioProjects/Binge3/caches/2.8/plugin-resolution) was closed 0 times.
14:41:58.103 [DEBUG] [org.gradle.api.internal.tasks.compile.daemon.CompilerDaemonManager] Stopping 0 compiler daemon(s).
14:41:58.104 [INFO] [org.gradle.api.internal.tasks.compile.daemon.CompilerDaemonManager] Stopped 0 compiler daemon(s).
14:41:58.104 [DEBUG] [org.gradle.launcher.daemon.server.exec.ExecuteBuild] The daemon has finished executing the build.
14:41:58.705 [DEBUG] [org.gradle.launcher.daemon.server.DaemonStateCoordinator] Command execution: finished waiting for DaemonCommandExecution[command = Build{id=0ea2066c-cfdf-477d-a728-1b9c4094d85e.1, currentDir=/Users/NathanRoss/AndroidStudioProjects/Binge3}, connection = org.gradle.launcher.daemon.server.DefaultDaemonConnection@905b96f]. Result org.gradle.launcher.daemon.server.DaemonStateCoordinator@5d2e067b with state Running
14:41:58.706 [DEBUG] [org.gradle.launcher.daemon.server.DaemonStateCoordinator] Command execution: completed DaemonCommandExecution[command = Build{id=0ea2066c-cfdf-477d-a728-1b9c4094d85e.1, currentDir=/Users/NathanRoss/AndroidStudioProjects/Binge3}, connection = org.gradle.launcher.daemon.server.DefaultDaemonConnection@905b96f]
14:41:58.706 [DEBUG] [org.gradle.launcher.daemon.server.DaemonStateCoordinator] updating lastActivityAt to 1461526918706
14:41:58.707 [INFO] [org.gradle.launcher.daemon.server.DomainRegistryUpdater] Marking the daemon as idle, address: [f1e1bdac-8613-447f-9848-c9411d42a47c port:60955, addresses:[/0:0:0:0:0:0:0:1, /127.0.0.1]]
14:41:58.707 [DEBUG] [org.gradle.launcher.daemon.registry.PersistentDaemonRegistry] Marking idle by address: [f1e1bdac-8613-447f-9848-c9411d42a47c port:60955, addresses:[/0:0:0:0:0:0:0:1, /127.0.0.1]]
14:41:58.708 [DEBUG] [org.gradle.cache.internal.DefaultFileLockManager] Waiting to acquire exclusive lock on daemon addresses registry.
14:41:58.730 [DEBUG] [org.gradle.cache.internal.DefaultFileLockManager] Lock acquired.
14:41:58.814 [DEBUG] [org.gradle.cache.internal.DefaultFileLockManager] Releasing lock on daemon addresses registry.
14:41:58.814 [DEBUG] [org.gradle.launcher.daemon.server.exec.ReturnResult] Daemon is dispatching the build result: Success[value=org.gradle.tooling.internal.provider.BuildActionResult@2e89c953]
14:41:58.814 [DEBUG] [org.gradle.launcher.daemon.server.DaemonStateCoordinator] Daemon is idle, sleeping until state change or idle timeout at Sun Apr 24 17:41:58 CDT 2016
14:41:58.814 [DEBUG] [org.gradle.launcher.daemon.server.SynchronizedDispatchConnection] thread 13: dispatching class org.gradle.launcher.daemon.protocol.Success
14:41:58.816 [DEBUG] [org.gradle.launcher.daemon.server.DefaultIncomingConnectionHandler] Finishing executing command: Build{id=0ea2066c-cfdf-477d-a728-1b9c4094d85e.1, currentDir=/Users/NathanRoss/AndroidStudioProjects/Binge3}
14:41:58.818 [DEBUG] [org.gradle.launcher.daemon.server.SynchronizedDispatchConnection] thread 23: received class org.gradle.launcher.daemon.protocol.Finished
14:41:58.818 [DEBUG] [org.gradle.launcher.daemon.server.DefaultDaemonConnection] Received non-IO message from client: org.gradle.launcher.daemon.protocol.Finished@702a9c5a
14:41:58.819 [DEBUG] [org.gradle.launcher.daemon.server.DefaultIncomingConnectionHandler] Received finished message: org.gradle.launcher.daemon.protocol.Finished@702a9c5a
14:41:58.819 [DEBUG] [org.gradle.launcher.daemon.server.SynchronizedDispatchConnection] thread 13: stopping connection
14:41:58.819 [DEBUG] [org.gradle.messaging.remote.internal.inet.SocketConnection] Discarding EOFException: java.io.EOFException
14:41:58.820 [DEBUG] [org.gradle.launcher.daemon.server.SynchronizedDispatchConnection] thread 23: received null
14:41:58.820 [DEBUG] [org.gradle.launcher.daemon.server.DefaultDaemonConnection] Received end-of-input from client.
14:41:58.820 [DEBUG] [org.gradle.launcher.daemon.server.SynchronizedDispatchConnection] thread 13: stopping connection
